<?xml version="1.0" encoding="UTF-8"?>
<!-- Generated by org.testng.reporters.JUnitXMLReporter -->
<testsuite hostname="DESKTOP-1R9E1U3" ignored="1" name="Command line test" tests="15" failures="0" timestamp="2020-08-19T12:34:47 EDT" time="251.582" errors="0">
  <testcase name="@BeforeMethod setup" time="9.636" classname="CRM.testpages.ContactspageTest">
    <failure type="org.openqa.selenium.ElementClickInterceptedException" message="element click intercepted: Element &amp;lt;a href=&amp;quot;https://ui.freecrm.com&amp;quot;&amp;gt;...&amp;lt;/a&amp;gt; is not clickable at point (426, 45). Other element would receive the click: &amp;lt;div id=&amp;quot;preloader&amp;quot; style=&amp;quot;opacity: 0.0312111;&amp;quot;&amp;gt;...&amp;lt;/div&amp;gt;
  (Session info: chrome=84.0.4147.125)
Build info: version: &amp;apos;3.141.59&amp;apos;, revision: &amp;apos;e82be7d358&amp;apos;, time: &amp;apos;2018-11-14T08:17:03&amp;apos;
System info: host: &amp;apos;DESKTOP-1R9E1U3&amp;apos;, ip: &amp;apos;192.168.0.12&amp;apos;, os.name: &amp;apos;Windows 10&amp;apos;, os.arch: &amp;apos;amd64&amp;apos;, os.version: &amp;apos;10.0&amp;apos;, java.version: &amp;apos;1.8.0_211&amp;apos;
Driver info: org.openqa.selenium.chrome.ChromeDriver
Capabilities {acceptInsecureCerts: false, browserName: chrome, browserVersion: 84.0.4147.125, chrome: {chromedriverVersion: 83.0.4103.39 (ccbf011cb2d2b..., userDataDir: C:\WINDOWS\TEMP\scoped_dir1...}, goog:chromeOptions: {debuggerAddress: localhost:63424}, javascriptEnabled: true, networkConnectionEnabled: false, pageLoadStrategy: normal, platform: WINDOWS, platformName: WINDOWS, proxy: Proxy(), setWindowRect: true, strictFileInteractability: false, timeouts: {implicit: 0, pageLoad: 300000, script: 30000}, unhandledPromptBehavior: dismiss and notify, webauthn:virtualAuthenticators: true}
Session ID: 0ce6c2eafefb45bae866711168d9cb76">
      <![CDATA[org.openqa.selenium.ElementClickInterceptedException: element click intercepted: Element <a href="https://ui.freecrm.com">...</a> is not clickable at point (426, 45). Other element would receive the click: <div id="preloader" style="opacity: 0.0312111;">...</div>
  (Session info: chrome=84.0.4147.125)
Build info: version: '3.141.59', revision: 'e82be7d358', time: '2018-11-14T08:17:03'
System info: host: 'DESKTOP-1R9E1U3', ip: '192.168.0.12', os.name: 'Windows 10', os.arch: 'amd64', os.version: '10.0', java.version: '1.8.0_211'
Driver info: org.openqa.selenium.chrome.ChromeDriver
Capabilities {acceptInsecureCerts: false, browserName: chrome, browserVersion: 84.0.4147.125, chrome: {chromedriverVersion: 83.0.4103.39 (ccbf011cb2d2b..., userDataDir: C:\WINDOWS\TEMP\scoped_dir1...}, goog:chromeOptions: {debuggerAddress: localhost:63424}, javascriptEnabled: true, networkConnectionEnabled: false, pageLoadStrategy: normal, platform: WINDOWS, platformName: WINDOWS, proxy: Proxy(), setWindowRect: true, strictFileInteractability: false, timeouts: {implicit: 0, pageLoad: 300000, script: 30000}, unhandledPromptBehavior: dismiss and notify, webauthn:virtualAuthenticators: true}
Session ID: 0ce6c2eafefb45bae866711168d9cb76
at org.openqa.selenium.remote.http.W3CHttpResponseCodec.createException(W3CHttpResponseCodec.java:187)
at org.openqa.selenium.remote.http.W3CHttpResponseCodec.decode(W3CHttpResponseCodec.java:122)
at org.openqa.selenium.remote.http.W3CHttpResponseCodec.decode(W3CHttpResponseCodec.java:49)
at org.openqa.selenium.remote.HttpCommandExecutor.execute(HttpCommandExecutor.java:158)
at org.openqa.selenium.remote.service.DriverCommandExecutor.execute(DriverCommandExecutor.java:83)
at org.openqa.selenium.remote.RemoteWebDriver.execute(RemoteWebDriver.java:552)
at org.openqa.selenium.remote.RemoteWebElement.execute(RemoteWebElement.java:285)
at org.openqa.selenium.remote.RemoteWebElement.click(RemoteWebElement.java:84)
at org.openqa.selenium.support.events.EventFiringWebDriver$EventFiringWebElement.lambda$new$0(EventFiringWebDriver.java:404)
at com.sun.proxy.$Proxy11.click(Unknown Source)
at org.openqa.selenium.support.events.EventFiringWebDriver$EventFiringWebElement.click(EventFiringWebDriver.java:417)
at org.openqa.selenium.support.pagefactory.internal.LocatingElementHandler.invoke(LocatingElementHandler.java:51)
at com.sun.proxy.$Proxy10.click(Unknown Source)
at CRM.pages.LoginPage.login(LoginPage.java:48)
at CRM.testpages.ContactspageTest.setup(ContactspageTest.java:33)
at java.util.ArrayList.forEach(ArrayList.java:1257)
... Removed 51 stack frames]]>
    </failure>
  </testcase> <!-- @BeforeMethod setup -->
  <testcase name="@AfterMethod teardown" time="-1.597854724987E9" classname="CRM.testpages.ContactspageTest">
    <skipped/>
  </testcase> <!-- @AfterMethod teardown -->
  <testcase name="contactspagelabeltest" time="0.07" classname="CRM.testpages.ContactspageTest"/>
  <testcase name="addnewcontact" time="2.017" classname="CRM.testpages.ContactspageTest"/>
  <testcase name="addnewcontact" time="2.012" classname="CRM.testpages.ContactspageTest"/>
  <testcase name="addnewcontact" time="2.099" classname="CRM.testpages.ContactspageTest"/>
  <testcase name="validateContactsPageThrashIcon" time="0.0" classname="CRM.testpages.ContactspageTest">
    <skipped/>
  </testcase> <!-- validateContactsPageThrashIcon -->
  <testcase name="homepagetitletest" time="0.007" classname="CRM.testpages.HomepageTest"/>
  <testcase name="homepagelogotest" time="0.035" classname="CRM.testpages.HomepageTest"/>
  <testcase name="homepageuserlabeltest" time="0.036" classname="CRM.testpages.HomepageTest"/>
  <testcase name="clickCalendarlink" time="0.105" classname="CRM.testpages.HomepageTest"/>
  <testcase name="clickContactslink" time="0.114" classname="CRM.testpages.HomepageTest"/>
  <testcase name="clickCompanieslink" time="0.085" classname="CRM.testpages.HomepageTest"/>
  <testcase name="clickdealslink" time="0.088" classname="CRM.testpages.HomepageTest"/>
  <testcase name="loginpagetitletest" time="0.01" classname="CRM.testpages.LoginpageTest"/>
  <testcase name="loginpagelogo" time="0.192" classname="CRM.testpages.LoginpageTest"/>
  <testcase name="logintest" time="10.186" classname="CRM.testpages.LoginpageTest"/>
  <testcase name="validateContactsPageCheckbox" time="0.0" classname="CRM.testpages.ContactspageTest">
    <ignored/>
  </testcase> <!-- validateContactsPageCheckbox -->
</testsuite> <!-- Command line test -->
