<?xml version="1.0" encoding="UTF-8"?>
<testng-results skipped="1" failed="0" ignored="1" total="16" passed="14">
  <reporter-output>
  </reporter-output>
  <suite name="Command line suite" duration-ms="251582" started-at="2020-08-19T12:30:35 EDT" finished-at="2020-08-19T12:34:47 EDT">
    <groups>
    </groups>
    <test name="Command line test" duration-ms="251582" started-at="2020-08-19T12:30:35 EDT" finished-at="2020-08-19T12:34:47 EDT">
      <class name="CRM.testpages.LoginpageTest">
        <test-method status="PASS" signature="setup()[pri:0, instance:CRM.testpages.LoginpageTest@7494e528]" name="setup" is-config="true" duration-ms="7884" started-at="2020-08-19T12:34:13 EDT" finished-at="2020-08-19T12:34:21 EDT">
          <reporter-output>
          </reporter-output>
        </test-method> <!-- setup -->
        <test-method status="PASS" signature="loginpagetitletest()[pri:1, instance:CRM.testpages.LoginpageTest@7494e528]" name="loginpagetitletest" duration-ms="10" started-at="2020-08-19T12:34:21 EDT" finished-at="2020-08-19T12:34:21 EDT">
          <reporter-output>
          </reporter-output>
        </test-method> <!-- loginpagetitletest -->
        <test-method status="PASS" signature="teardown()[pri:0, instance:CRM.testpages.LoginpageTest@7494e528]" name="teardown" is-config="true" duration-ms="648" started-at="2020-08-19T12:34:21 EDT" finished-at="2020-08-19T12:34:21 EDT">
          <reporter-output>
          </reporter-output>
        </test-method> <!-- teardown -->
        <test-method status="PASS" signature="setup()[pri:0, instance:CRM.testpages.LoginpageTest@7494e528]" name="setup" is-config="true" duration-ms="6917" started-at="2020-08-19T12:34:21 EDT" finished-at="2020-08-19T12:34:28 EDT">
          <reporter-output>
          </reporter-output>
        </test-method> <!-- setup -->
        <test-method status="PASS" signature="loginpagelogo()[pri:2, instance:CRM.testpages.LoginpageTest@7494e528]" name="loginpagelogo" duration-ms="192" started-at="2020-08-19T12:34:28 EDT" finished-at="2020-08-19T12:34:29 EDT">
          <reporter-output>
          </reporter-output>
        </test-method> <!-- loginpagelogo -->
        <test-method status="PASS" signature="teardown()[pri:0, instance:CRM.testpages.LoginpageTest@7494e528]" name="teardown" is-config="true" duration-ms="632" started-at="2020-08-19T12:34:29 EDT" finished-at="2020-08-19T12:34:29 EDT">
          <reporter-output>
          </reporter-output>
        </test-method> <!-- teardown -->
        <test-method status="PASS" signature="setup()[pri:0, instance:CRM.testpages.LoginpageTest@7494e528]" name="setup" is-config="true" duration-ms="6860" started-at="2020-08-19T12:34:29 EDT" finished-at="2020-08-19T12:34:36 EDT">
          <reporter-output>
          </reporter-output>
        </test-method> <!-- setup -->
        <test-method status="PASS" signature="logintest()[pri:3, instance:CRM.testpages.LoginpageTest@7494e528]" name="logintest" duration-ms="10186" started-at="2020-08-19T12:34:36 EDT" finished-at="2020-08-19T12:34:46 EDT">
          <reporter-output>
          </reporter-output>
        </test-method> <!-- logintest -->
        <test-method status="PASS" signature="teardown()[pri:0, instance:CRM.testpages.LoginpageTest@7494e528]" name="teardown" is-config="true" duration-ms="620" started-at="2020-08-19T12:34:46 EDT" finished-at="2020-08-19T12:34:47 EDT">
          <reporter-output>
          </reporter-output>
        </test-method> <!-- teardown -->
      </class> <!-- CRM.testpages.LoginpageTest -->
      <class name="CRM.testpages.ContactspageTest">
        <test-method status="PASS" signature="setup()[pri:0, instance:CRM.testpages.ContactspageTest@68bbe345]" name="setup" is-config="true" duration-ms="18322" started-at="2020-08-19T12:30:35 EDT" finished-at="2020-08-19T12:30:54 EDT">
          <reporter-output>
          </reporter-output>
        </test-method> <!-- setup -->
        <test-method status="PASS" signature="contactspagelabeltest()[pri:1, instance:CRM.testpages.ContactspageTest@68bbe345]" name="contactspagelabeltest" duration-ms="70" started-at="2020-08-19T12:30:54 EDT" finished-at="2020-08-19T12:30:54 EDT">
          <reporter-output>
          </reporter-output>
        </test-method> <!-- contactspagelabeltest -->
        <test-method status="PASS" signature="teardown()[pri:0, instance:CRM.testpages.ContactspageTest@68bbe345]" name="teardown" is-config="true" duration-ms="634" started-at="2020-08-19T12:30:54 EDT" finished-at="2020-08-19T12:30:54 EDT">
          <reporter-output>
          </reporter-output>
        </test-method> <!-- teardown -->
        <test-method status="PASS" signature="setup()[pri:0, instance:CRM.testpages.ContactspageTest@68bbe345]" name="setup" is-config="true" duration-ms="17525" started-at="2020-08-19T12:30:55 EDT" finished-at="2020-08-19T12:31:12 EDT">
          <reporter-output>
          </reporter-output>
        </test-method> <!-- setup -->
        <test-method status="PASS" signature="addnewcontact(java.lang.String, java.lang.String)[pri:2, instance:CRM.testpages.ContactspageTest@68bbe345]" name="addnewcontact" duration-ms="2017" started-at="2020-08-19T12:31:12 EDT" data-provider="getcontacttestdata" finished-at="2020-08-19T12:31:14 EDT">
          <params>
            <param index="0">
              <value>
                <![CDATA[keerthi1]]>
              </value>
            </param>
            <param index="1">
              <value>
                <![CDATA[sandupatla1]]>
              </value>
            </param>
          </params>
          <reporter-output>
          </reporter-output>
        </test-method> <!-- addnewcontact -->
        <test-method status="PASS" signature="teardown()[pri:0, instance:CRM.testpages.ContactspageTest@68bbe345]" name="teardown" is-config="true" duration-ms="634" started-at="2020-08-19T12:31:14 EDT" finished-at="2020-08-19T12:31:15 EDT">
          <reporter-output>
          </reporter-output>
        </test-method> <!-- teardown -->
        <test-method status="PASS" signature="setup()[pri:0, instance:CRM.testpages.ContactspageTest@68bbe345]" name="setup" is-config="true" duration-ms="17159" started-at="2020-08-19T12:31:15 EDT" finished-at="2020-08-19T12:31:32 EDT">
          <reporter-output>
          </reporter-output>
        </test-method> <!-- setup -->
        <test-method status="PASS" signature="addnewcontact(java.lang.String, java.lang.String)[pri:2, instance:CRM.testpages.ContactspageTest@68bbe345]" name="addnewcontact" duration-ms="2012" started-at="2020-08-19T12:31:32 EDT" data-provider="getcontacttestdata" finished-at="2020-08-19T12:31:34 EDT">
          <params>
            <param index="0">
              <value>
                <![CDATA[keerthi2]]>
              </value>
            </param>
            <param index="1">
              <value>
                <![CDATA[sandupatla2]]>
              </value>
            </param>
          </params>
          <reporter-output>
          </reporter-output>
        </test-method> <!-- addnewcontact -->
        <test-method status="PASS" signature="teardown()[pri:0, instance:CRM.testpages.ContactspageTest@68bbe345]" name="teardown" is-config="true" duration-ms="628" started-at="2020-08-19T12:31:34 EDT" finished-at="2020-08-19T12:31:35 EDT">
          <reporter-output>
          </reporter-output>
        </test-method> <!-- teardown -->
        <test-method status="PASS" signature="setup()[pri:0, instance:CRM.testpages.ContactspageTest@68bbe345]" name="setup" is-config="true" duration-ms="17243" started-at="2020-08-19T12:31:35 EDT" finished-at="2020-08-19T12:31:52 EDT">
          <reporter-output>
          </reporter-output>
        </test-method> <!-- setup -->
        <test-method status="PASS" signature="addnewcontact(java.lang.String, java.lang.String)[pri:2, instance:CRM.testpages.ContactspageTest@68bbe345]" name="addnewcontact" duration-ms="2099" started-at="2020-08-19T12:31:52 EDT" data-provider="getcontacttestdata" finished-at="2020-08-19T12:31:54 EDT">
          <params>
            <param index="0">
              <value>
                <![CDATA[keerthi3]]>
              </value>
            </param>
            <param index="1">
              <value>
                <![CDATA[sandupatla3]]>
              </value>
            </param>
          </params>
          <reporter-output>
          </reporter-output>
        </test-method> <!-- addnewcontact -->
        <test-method status="PASS" signature="teardown()[pri:0, instance:CRM.testpages.ContactspageTest@68bbe345]" name="teardown" is-config="true" duration-ms="633" started-at="2020-08-19T12:31:54 EDT" finished-at="2020-08-19T12:31:55 EDT">
          <reporter-output>
          </reporter-output>
        </test-method> <!-- teardown -->
        <test-method status="FAIL" signature="setup()[pri:0, instance:CRM.testpages.ContactspageTest@68bbe345]" name="setup" is-config="true" duration-ms="9636" started-at="2020-08-19T12:31:55 EDT" finished-at="2020-08-19T12:32:04 EDT">
          <exception class="org.openqa.selenium.ElementClickInterceptedException">
            <message>
              <![CDATA[element click intercepted: Element <a href="https://ui.freecrm.com">...</a> is not clickable at point (426, 45). Other element would receive the click: <div id="preloader" style="opacity: 0.0312111;">...</div>
  (Session info: chrome=84.0.4147.125)
Build info: version: '3.141.59', revision: 'e82be7d358', time: '2018-11-14T08:17:03'
System info: host: 'DESKTOP-1R9E1U3', ip: '192.168.0.12', os.name: 'Windows 10', os.arch: 'amd64', os.version: '10.0', java.version: '1.8.0_211'
Driver info: org.openqa.selenium.chrome.ChromeDriver
Capabilities {acceptInsecureCerts: false, browserName: chrome, browserVersion: 84.0.4147.125, chrome: {chromedriverVersion: 83.0.4103.39 (ccbf011cb2d2b..., userDataDir: C:\WINDOWS\TEMP\scoped_dir1...}, goog:chromeOptions: {debuggerAddress: localhost:63424}, javascriptEnabled: true, networkConnectionEnabled: false, pageLoadStrategy: normal, platform: WINDOWS, platformName: WINDOWS, proxy: Proxy(), setWindowRect: true, strictFileInteractability: false, timeouts: {implicit: 0, pageLoad: 300000, script: 30000}, unhandledPromptBehavior: dismiss and notify, webauthn:virtualAuthenticators: true}
Session ID: 0ce6c2eafefb45bae866711168d9cb76]]>
            </message>
            <full-stacktrace>
              <![CDATA[org.openqa.selenium.ElementClickInterceptedException: element click intercepted: Element <a href="https://ui.freecrm.com">...</a> is not clickable at point (426, 45). Other element would receive the click: <div id="preloader" style="opacity: 0.0312111;">...</div>
  (Session info: chrome=84.0.4147.125)
Build info: version: '3.141.59', revision: 'e82be7d358', time: '2018-11-14T08:17:03'
System info: host: 'DESKTOP-1R9E1U3', ip: '192.168.0.12', os.name: 'Windows 10', os.arch: 'amd64', os.version: '10.0', java.version: '1.8.0_211'
Driver info: org.openqa.selenium.chrome.ChromeDriver
Capabilities {acceptInsecureCerts: false, browserName: chrome, browserVersion: 84.0.4147.125, chrome: {chromedriverVersion: 83.0.4103.39 (ccbf011cb2d2b..., userDataDir: C:\WINDOWS\TEMP\scoped_dir1...}, goog:chromeOptions: {debuggerAddress: localhost:63424}, javascriptEnabled: true, networkConnectionEnabled: false, pageLoadStrategy: normal, platform: WINDOWS, platformName: WINDOWS, proxy: Proxy(), setWindowRect: true, strictFileInteractability: false, timeouts: {implicit: 0, pageLoad: 300000, script: 30000}, unhandledPromptBehavior: dismiss and notify, webauthn:virtualAuthenticators: true}
Session ID: 0ce6c2eafefb45bae866711168d9cb76
at sun.reflect.NativeConstructorAccessorImpl.newInstance0(Native Method)
at sun.reflect.NativeConstructorAccessorImpl.newInstance(NativeConstructorAccessorImpl.java:62)
at sun.reflect.DelegatingConstructorAccessorImpl.newInstance(DelegatingConstructorAccessorImpl.java:45)
at java.lang.reflect.Constructor.newInstance(Constructor.java:423)
at org.openqa.selenium.remote.http.W3CHttpResponseCodec.createException(W3CHttpResponseCodec.java:187)
at org.openqa.selenium.remote.http.W3CHttpResponseCodec.decode(W3CHttpResponseCodec.java:122)
at org.openqa.selenium.remote.http.W3CHttpResponseCodec.decode(W3CHttpResponseCodec.java:49)
at org.openqa.selenium.remote.HttpCommandExecutor.execute(HttpCommandExecutor.java:158)
at org.openqa.selenium.remote.service.DriverCommandExecutor.execute(DriverCommandExecutor.java:83)
at org.openqa.selenium.remote.RemoteWebDriver.execute(RemoteWebDriver.java:552)
at org.openqa.selenium.remote.RemoteWebElement.execute(RemoteWebElement.java:285)
at org.openqa.selenium.remote.RemoteWebElement.click(RemoteWebElement.java:84)
at sun.reflect.GeneratedMethodAccessor5.invoke(Unknown Source)
at sun.reflect.DelegatingMethodAccessorImpl.invoke(DelegatingMethodAccessorImpl.java:43)
at java.lang.reflect.Method.invoke(Method.java:498)
at org.openqa.selenium.support.events.EventFiringWebDriver$EventFiringWebElement.lambda$new$0(EventFiringWebDriver.java:404)
at com.sun.proxy.$Proxy11.click(Unknown Source)
at org.openqa.selenium.support.events.EventFiringWebDriver$EventFiringWebElement.click(EventFiringWebDriver.java:417)
at sun.reflect.GeneratedMethodAccessor5.invoke(Unknown Source)
at sun.reflect.DelegatingMethodAccessorImpl.invoke(DelegatingMethodAccessorImpl.java:43)
at java.lang.reflect.Method.invoke(Method.java:498)
at org.openqa.selenium.support.pagefactory.internal.LocatingElementHandler.invoke(LocatingElementHandler.java:51)
at com.sun.proxy.$Proxy10.click(Unknown Source)
at CRM.pages.LoginPage.login(LoginPage.java:48)
at CRM.testpages.ContactspageTest.setup(ContactspageTest.java:33)
at sun.reflect.NativeMethodAccessorImpl.invoke0(Native Method)
at sun.reflect.NativeMethodAccessorImpl.invoke(NativeMethodAccessorImpl.java:62)
at sun.reflect.DelegatingMethodAccessorImpl.invoke(DelegatingMethodAccessorImpl.java:43)
at java.lang.reflect.Method.invoke(Method.java:498)
at org.testng.internal.MethodInvocationHelper.invokeMethod(MethodInvocationHelper.java:134)
at org.testng.internal.MethodInvocationHelper.invokeMethodConsideringTimeout(MethodInvocationHelper.java:63)
at org.testng.internal.ConfigInvoker.invokeConfigurationMethod(ConfigInvoker.java:348)
at org.testng.internal.ConfigInvoker.invokeConfigurations(ConfigInvoker.java:302)
at org.testng.internal.TestInvoker.runConfigMethods(TestInvoker.java:695)
at org.testng.internal.TestInvoker.invokeMethod(TestInvoker.java:523)
at org.testng.internal.TestInvoker.invokeTestMethod(TestInvoker.java:173)
at org.testng.internal.MethodRunner.runInSequence(MethodRunner.java:46)
at org.testng.internal.TestInvoker$MethodInvocationAgent.invoke(TestInvoker.java:816)
at org.testng.internal.TestInvoker.invokeTestMethods(TestInvoker.java:146)
at org.testng.internal.TestMethodWorker.invokeTestMethods(TestMethodWorker.java:146)
at org.testng.internal.TestMethodWorker.run(TestMethodWorker.java:128)
at java.util.ArrayList.forEach(ArrayList.java:1257)
at org.testng.TestRunner.privateRun(TestRunner.java:766)
at org.testng.TestRunner.run(TestRunner.java:587)
at org.testng.SuiteRunner.runTest(SuiteRunner.java:384)
at org.testng.SuiteRunner.runSequentially(SuiteRunner.java:378)
at org.testng.SuiteRunner.privateRun(SuiteRunner.java:337)
at org.testng.SuiteRunner.run(SuiteRunner.java:286)
at org.testng.SuiteRunnerWorker.runSuite(SuiteRunnerWorker.java:53)
at org.testng.SuiteRunnerWorker.run(SuiteRunnerWorker.java:96)
at org.testng.TestNG.runSuitesSequentially(TestNG.java:1187)
at org.testng.TestNG.runSuitesLocally(TestNG.java:1109)
at org.testng.TestNG.runSuites(TestNG.java:1039)
at org.testng.TestNG.run(TestNG.java:1007)
at org.apache.maven.surefire.testng.TestNGExecutor.run(TestNGExecutor.java:77)
at org.apache.maven.surefire.testng.TestNGDirectoryTestSuite.executeMulti(TestNGDirectoryTestSuite.java:159)
at org.apache.maven.surefire.testng.TestNGDirectoryTestSuite.execute(TestNGDirectoryTestSuite.java:99)
at org.apache.maven.surefire.testng.TestNGProvider.invoke(TestNGProvider.java:106)
at sun.reflect.NativeMethodAccessorImpl.invoke0(Native Method)
at sun.reflect.NativeMethodAccessorImpl.invoke(NativeMethodAccessorImpl.java:62)
at sun.reflect.DelegatingMethodAccessorImpl.invoke(DelegatingMethodAccessorImpl.java:43)
at java.lang.reflect.Method.invoke(Method.java:498)
at org.apache.maven.surefire.util.ReflectionUtils.invokeMethodWithArray(ReflectionUtils.java:189)
at org.apache.maven.surefire.booter.ProviderFactory$ProviderProxy.invoke(ProviderFactory.java:165)
at org.apache.maven.surefire.booter.ProviderFactory.invokeProvider(ProviderFactory.java:85)
at org.apache.maven.surefire.booter.ForkedBooter.runSuitesInProcess(ForkedBooter.java:115)
at org.apache.maven.surefire.booter.ForkedBooter.main(ForkedBooter.java:75)
]]>
            </full-stacktrace>
          </exception> <!-- org.openqa.selenium.ElementClickInterceptedException -->
          <reporter-output>
          </reporter-output>
        </test-method> <!-- setup -->
        <test-method status="SKIP" signature="validateContactsPageThrashIcon()[pri:3, instance:CRM.testpages.ContactspageTest@68bbe345]" name="validateContactsPageThrashIcon" duration-ms="0" started-at="2020-08-19T12:32:04 EDT" finished-at="2020-08-19T12:32:04 EDT">
          <exception class="org.openqa.selenium.ElementClickInterceptedException">
            <message>
              <![CDATA[element click intercepted: Element <a href="https://ui.freecrm.com">...</a> is not clickable at point (426, 45). Other element would receive the click: <div id="preloader" style="opacity: 0.0312111;">...</div>
  (Session info: chrome=84.0.4147.125)
Build info: version: '3.141.59', revision: 'e82be7d358', time: '2018-11-14T08:17:03'
System info: host: 'DESKTOP-1R9E1U3', ip: '192.168.0.12', os.name: 'Windows 10', os.arch: 'amd64', os.version: '10.0', java.version: '1.8.0_211'
Driver info: org.openqa.selenium.chrome.ChromeDriver
Capabilities {acceptInsecureCerts: false, browserName: chrome, browserVersion: 84.0.4147.125, chrome: {chromedriverVersion: 83.0.4103.39 (ccbf011cb2d2b..., userDataDir: C:\WINDOWS\TEMP\scoped_dir1...}, goog:chromeOptions: {debuggerAddress: localhost:63424}, javascriptEnabled: true, networkConnectionEnabled: false, pageLoadStrategy: normal, platform: WINDOWS, platformName: WINDOWS, proxy: Proxy(), setWindowRect: true, strictFileInteractability: false, timeouts: {implicit: 0, pageLoad: 300000, script: 30000}, unhandledPromptBehavior: dismiss and notify, webauthn:virtualAuthenticators: true}
Session ID: 0ce6c2eafefb45bae866711168d9cb76]]>
            </message>
            <full-stacktrace>
              <![CDATA[org.openqa.selenium.ElementClickInterceptedException: element click intercepted: Element <a href="https://ui.freecrm.com">...</a> is not clickable at point (426, 45). Other element would receive the click: <div id="preloader" style="opacity: 0.0312111;">...</div>
  (Session info: chrome=84.0.4147.125)
Build info: version: '3.141.59', revision: 'e82be7d358', time: '2018-11-14T08:17:03'
System info: host: 'DESKTOP-1R9E1U3', ip: '192.168.0.12', os.name: 'Windows 10', os.arch: 'amd64', os.version: '10.0', java.version: '1.8.0_211'
Driver info: org.openqa.selenium.chrome.ChromeDriver
Capabilities {acceptInsecureCerts: false, browserName: chrome, browserVersion: 84.0.4147.125, chrome: {chromedriverVersion: 83.0.4103.39 (ccbf011cb2d2b..., userDataDir: C:\WINDOWS\TEMP\scoped_dir1...}, goog:chromeOptions: {debuggerAddress: localhost:63424}, javascriptEnabled: true, networkConnectionEnabled: false, pageLoadStrategy: normal, platform: WINDOWS, platformName: WINDOWS, proxy: Proxy(), setWindowRect: true, strictFileInteractability: false, timeouts: {implicit: 0, pageLoad: 300000, script: 30000}, unhandledPromptBehavior: dismiss and notify, webauthn:virtualAuthenticators: true}
Session ID: 0ce6c2eafefb45bae866711168d9cb76
at sun.reflect.NativeConstructorAccessorImpl.newInstance0(Native Method)
at sun.reflect.NativeConstructorAccessorImpl.newInstance(NativeConstructorAccessorImpl.java:62)
at sun.reflect.DelegatingConstructorAccessorImpl.newInstance(DelegatingConstructorAccessorImpl.java:45)
at java.lang.reflect.Constructor.newInstance(Constructor.java:423)
at org.openqa.selenium.remote.http.W3CHttpResponseCodec.createException(W3CHttpResponseCodec.java:187)
at org.openqa.selenium.remote.http.W3CHttpResponseCodec.decode(W3CHttpResponseCodec.java:122)
at org.openqa.selenium.remote.http.W3CHttpResponseCodec.decode(W3CHttpResponseCodec.java:49)
at org.openqa.selenium.remote.HttpCommandExecutor.execute(HttpCommandExecutor.java:158)
at org.openqa.selenium.remote.service.DriverCommandExecutor.execute(DriverCommandExecutor.java:83)
at org.openqa.selenium.remote.RemoteWebDriver.execute(RemoteWebDriver.java:552)
at org.openqa.selenium.remote.RemoteWebElement.execute(RemoteWebElement.java:285)
at org.openqa.selenium.remote.RemoteWebElement.click(RemoteWebElement.java:84)
at sun.reflect.GeneratedMethodAccessor5.invoke(Unknown Source)
at sun.reflect.DelegatingMethodAccessorImpl.invoke(DelegatingMethodAccessorImpl.java:43)
at java.lang.reflect.Method.invoke(Method.java:498)
at org.openqa.selenium.support.events.EventFiringWebDriver$EventFiringWebElement.lambda$new$0(EventFiringWebDriver.java:404)
at com.sun.proxy.$Proxy11.click(Unknown Source)
at org.openqa.selenium.support.events.EventFiringWebDriver$EventFiringWebElement.click(EventFiringWebDriver.java:417)
at sun.reflect.GeneratedMethodAccessor5.invoke(Unknown Source)
at sun.reflect.DelegatingMethodAccessorImpl.invoke(DelegatingMethodAccessorImpl.java:43)
at java.lang.reflect.Method.invoke(Method.java:498)
at org.openqa.selenium.support.pagefactory.internal.LocatingElementHandler.invoke(LocatingElementHandler.java:51)
at com.sun.proxy.$Proxy10.click(Unknown Source)
at CRM.pages.LoginPage.login(LoginPage.java:48)
at CRM.testpages.ContactspageTest.setup(ContactspageTest.java:33)
at sun.reflect.NativeMethodAccessorImpl.invoke0(Native Method)
at sun.reflect.NativeMethodAccessorImpl.invoke(NativeMethodAccessorImpl.java:62)
at sun.reflect.DelegatingMethodAccessorImpl.invoke(DelegatingMethodAccessorImpl.java:43)
at java.lang.reflect.Method.invoke(Method.java:498)
at org.testng.internal.MethodInvocationHelper.invokeMethod(MethodInvocationHelper.java:134)
at org.testng.internal.MethodInvocationHelper.invokeMethodConsideringTimeout(MethodInvocationHelper.java:63)
at org.testng.internal.ConfigInvoker.invokeConfigurationMethod(ConfigInvoker.java:348)
at org.testng.internal.ConfigInvoker.invokeConfigurations(ConfigInvoker.java:302)
at org.testng.internal.TestInvoker.runConfigMethods(TestInvoker.java:695)
at org.testng.internal.TestInvoker.invokeMethod(TestInvoker.java:523)
at org.testng.internal.TestInvoker.invokeTestMethod(TestInvoker.java:173)
at org.testng.internal.MethodRunner.runInSequence(MethodRunner.java:46)
at org.testng.internal.TestInvoker$MethodInvocationAgent.invoke(TestInvoker.java:816)
at org.testng.internal.TestInvoker.invokeTestMethods(TestInvoker.java:146)
at org.testng.internal.TestMethodWorker.invokeTestMethods(TestMethodWorker.java:146)
at org.testng.internal.TestMethodWorker.run(TestMethodWorker.java:128)
at java.util.ArrayList.forEach(ArrayList.java:1257)
at org.testng.TestRunner.privateRun(TestRunner.java:766)
at org.testng.TestRunner.run(TestRunner.java:587)
at org.testng.SuiteRunner.runTest(SuiteRunner.java:384)
at org.testng.SuiteRunner.runSequentially(SuiteRunner.java:378)
at org.testng.SuiteRunner.privateRun(SuiteRunner.java:337)
at org.testng.SuiteRunner.run(SuiteRunner.java:286)
at org.testng.SuiteRunnerWorker.runSuite(SuiteRunnerWorker.java:53)
at org.testng.SuiteRunnerWorker.run(SuiteRunnerWorker.java:96)
at org.testng.TestNG.runSuitesSequentially(TestNG.java:1187)
at org.testng.TestNG.runSuitesLocally(TestNG.java:1109)
at org.testng.TestNG.runSuites(TestNG.java:1039)
at org.testng.TestNG.run(TestNG.java:1007)
at org.apache.maven.surefire.testng.TestNGExecutor.run(TestNGExecutor.java:77)
at org.apache.maven.surefire.testng.TestNGDirectoryTestSuite.executeMulti(TestNGDirectoryTestSuite.java:159)
at org.apache.maven.surefire.testng.TestNGDirectoryTestSuite.execute(TestNGDirectoryTestSuite.java:99)
at org.apache.maven.surefire.testng.TestNGProvider.invoke(TestNGProvider.java:106)
at sun.reflect.NativeMethodAccessorImpl.invoke0(Native Method)
at sun.reflect.NativeMethodAccessorImpl.invoke(NativeMethodAccessorImpl.java:62)
at sun.reflect.DelegatingMethodAccessorImpl.invoke(DelegatingMethodAccessorImpl.java:43)
at java.lang.reflect.Method.invoke(Method.java:498)
at org.apache.maven.surefire.util.ReflectionUtils.invokeMethodWithArray(ReflectionUtils.java:189)
at org.apache.maven.surefire.booter.ProviderFactory$ProviderProxy.invoke(ProviderFactory.java:165)
at org.apache.maven.surefire.booter.ProviderFactory.invokeProvider(ProviderFactory.java:85)
at org.apache.maven.surefire.booter.ForkedBooter.runSuitesInProcess(ForkedBooter.java:115)
at org.apache.maven.surefire.booter.ForkedBooter.main(ForkedBooter.java:75)
]]>
            </full-stacktrace>
          </exception> <!-- org.openqa.selenium.ElementClickInterceptedException -->
          <reporter-output>
          </reporter-output>
        </test-method> <!-- validateContactsPageThrashIcon -->
        <test-method status="SKIP" signature="teardown()[pri:0, instance:CRM.testpages.ContactspageTest@68bbe345]" name="teardown" is-config="true" duration-ms="-1597854724987" started-at="2020-08-19T12:32:04 EDT" finished-at="1969-12-31T19:00:00 EST">
          <reporter-output>
          </reporter-output>
        </test-method> <!-- teardown -->
      </class> <!-- CRM.testpages.ContactspageTest -->
      <class name="CRM.testpages.HomepageTest">
        <test-method status="PASS" signature="setup()[pri:0, instance:CRM.testpages.HomepageTest@30b8a058]" name="setup" is-config="true" duration-ms="17746" started-at="2020-08-19T12:32:04 EDT" finished-at="2020-08-19T12:32:22 EDT">
          <reporter-output>
          </reporter-output>
        </test-method> <!-- setup -->
        <test-method status="PASS" signature="homepagetitletest()[pri:1, instance:CRM.testpages.HomepageTest@30b8a058]" name="homepagetitletest" duration-ms="7" started-at="2020-08-19T12:32:22 EDT" finished-at="2020-08-19T12:32:22 EDT">
          <reporter-output>
          </reporter-output>
        </test-method> <!-- homepagetitletest -->
        <test-method status="PASS" signature="teardown()[pri:0, instance:CRM.testpages.HomepageTest@30b8a058]" name="teardown" is-config="true" duration-ms="671" started-at="2020-08-19T12:32:22 EDT" finished-at="2020-08-19T12:32:23 EDT">
          <reporter-output>
          </reporter-output>
        </test-method> <!-- teardown -->
        <test-method status="PASS" signature="setup()[pri:0, instance:CRM.testpages.HomepageTest@30b8a058]" name="setup" is-config="true" duration-ms="17539" started-at="2020-08-19T12:32:23 EDT" finished-at="2020-08-19T12:32:40 EDT">
          <reporter-output>
          </reporter-output>
        </test-method> <!-- setup -->
        <test-method status="PASS" signature="homepagelogotest()[pri:2, instance:CRM.testpages.HomepageTest@30b8a058]" name="homepagelogotest" duration-ms="35" started-at="2020-08-19T12:32:40 EDT" finished-at="2020-08-19T12:32:40 EDT">
          <reporter-output>
          </reporter-output>
        </test-method> <!-- homepagelogotest -->
        <test-method status="PASS" signature="teardown()[pri:0, instance:CRM.testpages.HomepageTest@30b8a058]" name="teardown" is-config="true" duration-ms="621" started-at="2020-08-19T12:32:40 EDT" finished-at="2020-08-19T12:32:41 EDT">
          <reporter-output>
          </reporter-output>
        </test-method> <!-- teardown -->
        <test-method status="PASS" signature="setup()[pri:0, instance:CRM.testpages.HomepageTest@30b8a058]" name="setup" is-config="true" duration-ms="17445" started-at="2020-08-19T12:32:41 EDT" finished-at="2020-08-19T12:32:59 EDT">
          <reporter-output>
          </reporter-output>
        </test-method> <!-- setup -->
        <test-method status="PASS" signature="homepageuserlabeltest()[pri:3, instance:CRM.testpages.HomepageTest@30b8a058]" name="homepageuserlabeltest" duration-ms="36" started-at="2020-08-19T12:32:59 EDT" finished-at="2020-08-19T12:32:59 EDT">
          <reporter-output>
          </reporter-output>
        </test-method> <!-- homepageuserlabeltest -->
        <test-method status="PASS" signature="teardown()[pri:0, instance:CRM.testpages.HomepageTest@30b8a058]" name="teardown" is-config="true" duration-ms="636" started-at="2020-08-19T12:32:59 EDT" finished-at="2020-08-19T12:32:59 EDT">
          <reporter-output>
          </reporter-output>
        </test-method> <!-- teardown -->
        <test-method status="PASS" signature="setup()[pri:0, instance:CRM.testpages.HomepageTest@30b8a058]" name="setup" is-config="true" duration-ms="18149" started-at="2020-08-19T12:32:59 EDT" finished-at="2020-08-19T12:33:17 EDT">
          <reporter-output>
          </reporter-output>
        </test-method> <!-- setup -->
        <test-method status="PASS" signature="clickCalendarlink()[pri:4, instance:CRM.testpages.HomepageTest@30b8a058]" name="clickCalendarlink" duration-ms="105" started-at="2020-08-19T12:33:17 EDT" finished-at="2020-08-19T12:33:17 EDT">
          <reporter-output>
          </reporter-output>
        </test-method> <!-- clickCalendarlink -->
        <test-method status="PASS" signature="teardown()[pri:0, instance:CRM.testpages.HomepageTest@30b8a058]" name="teardown" is-config="true" duration-ms="622" started-at="2020-08-19T12:33:17 EDT" finished-at="2020-08-19T12:33:18 EDT">
          <reporter-output>
          </reporter-output>
        </test-method> <!-- teardown -->
        <test-method status="PASS" signature="setup()[pri:0, instance:CRM.testpages.HomepageTest@30b8a058]" name="setup" is-config="true" duration-ms="16933" started-at="2020-08-19T12:33:18 EDT" finished-at="2020-08-19T12:33:35 EDT">
          <reporter-output>
          </reporter-output>
        </test-method> <!-- setup -->
        <test-method status="PASS" signature="clickContactslink()[pri:5, instance:CRM.testpages.HomepageTest@30b8a058]" name="clickContactslink" duration-ms="114" started-at="2020-08-19T12:33:35 EDT" finished-at="2020-08-19T12:33:35 EDT">
          <reporter-output>
          </reporter-output>
        </test-method> <!-- clickContactslink -->
        <test-method status="PASS" signature="teardown()[pri:0, instance:CRM.testpages.HomepageTest@30b8a058]" name="teardown" is-config="true" duration-ms="630" started-at="2020-08-19T12:33:35 EDT" finished-at="2020-08-19T12:33:36 EDT">
          <reporter-output>
          </reporter-output>
        </test-method> <!-- teardown -->
        <test-method status="PASS" signature="setup()[pri:0, instance:CRM.testpages.HomepageTest@30b8a058]" name="setup" is-config="true" duration-ms="18317" started-at="2020-08-19T12:33:36 EDT" finished-at="2020-08-19T12:33:54 EDT">
          <reporter-output>
          </reporter-output>
        </test-method> <!-- setup -->
        <test-method status="PASS" signature="clickCompanieslink()[pri:6, instance:CRM.testpages.HomepageTest@30b8a058]" name="clickCompanieslink" duration-ms="85" started-at="2020-08-19T12:33:54 EDT" finished-at="2020-08-19T12:33:54 EDT">
          <reporter-output>
          </reporter-output>
        </test-method> <!-- clickCompanieslink -->
        <test-method status="PASS" signature="teardown()[pri:0, instance:CRM.testpages.HomepageTest@30b8a058]" name="teardown" is-config="true" duration-ms="641" started-at="2020-08-19T12:33:54 EDT" finished-at="2020-08-19T12:33:55 EDT">
          <reporter-output>
          </reporter-output>
        </test-method> <!-- teardown -->
        <test-method status="PASS" signature="setup()[pri:0, instance:CRM.testpages.HomepageTest@30b8a058]" name="setup" is-config="true" duration-ms="17375" started-at="2020-08-19T12:33:55 EDT" finished-at="2020-08-19T12:34:12 EDT">
          <reporter-output>
          </reporter-output>
        </test-method> <!-- setup -->
        <test-method status="PASS" signature="clickdealslink()[pri:7, instance:CRM.testpages.HomepageTest@30b8a058]" name="clickdealslink" duration-ms="88" started-at="2020-08-19T12:34:12 EDT" finished-at="2020-08-19T12:34:12 EDT">
          <reporter-output>
          </reporter-output>
        </test-method> <!-- clickdealslink -->
        <test-method status="PASS" signature="teardown()[pri:0, instance:CRM.testpages.HomepageTest@30b8a058]" name="teardown" is-config="true" duration-ms="634" started-at="2020-08-19T12:34:12 EDT" finished-at="2020-08-19T12:34:13 EDT">
          <reporter-output>
          </reporter-output>
        </test-method> <!-- teardown -->
      </class> <!-- CRM.testpages.HomepageTest -->
    </test> <!-- Command line test -->
  </suite> <!-- Command line suite -->
</testng-results>
